{"message":"undefined - API Server Start At Port 3000","level":"info","timestamp":"2021-08-22 00:40:06"}
{"message":"undefined - API Server Start At Port 3000","level":"info","timestamp":"2021-08-22 00:42:45"}
{"message":"App - getMain Service error\n: connection.release is not a function","level":"error","timestamp":"2021-08-22 00:42:47"}
{"message":"undefined - API Server Start At Port 3000","level":"info","timestamp":"2021-08-22 00:43:24"}
{"message":"undefined - API Server Start At Port 3000","level":"info","timestamp":"2021-08-22 00:43:53"}
{"message":"undefined - API Server Start At Port 3000","level":"info","timestamp":"2021-08-22 00:44:13"}
{"message":"undefined - API Server Start At Port 3000","level":"info","timestamp":"2021-08-22 00:44:25"}
{"message":"undefined - API Server Start At Port 3000","level":"info","timestamp":"2021-08-22 00:45:13"}
{"message":"undefined - API Server Start At Port 3000","level":"info","timestamp":"2021-08-22 00:45:45"}
{"message":"undefined - API Server Start At Port 3000","level":"info","timestamp":"2021-08-22 00:46:19"}
{"message":"undefined - API Server Start At Port 3000","level":"info","timestamp":"2021-08-22 00:46:45"}
{"message":"undefined - API Server Start At Port 3000","level":"info","timestamp":"2021-08-22 00:47:58"}
{"message":"undefined - API Server Start At Port 3000","level":"info","timestamp":"2021-08-22 00:48:48"}
{"message":"undefined - API Server Start At Port 3000","level":"info","timestamp":"2021-08-22 03:55:45"}
{"message":"undefined - API Server Start At Port 3000","level":"info","timestamp":"2021-08-22 04:45:03"}
{"message":"undefined - API Server Start At Port 3000","level":"info","timestamp":"2021-08-22 04:46:07"}
{"message":"undefined - API Server Start At Port 3000","level":"info","timestamp":"2021-08-22 04:46:20"}
{"message":"undefined - API Server Start At Port 3000","level":"info","timestamp":"2021-08-22 04:47:37"}
{"message":"undefined - API Server Start At Port 3000","level":"info","timestamp":"2021-08-22 04:50:45"}
{"message":"undefined - API Server Start At Port 3000","level":"info","timestamp":"2021-08-22 04:51:29"}
{"message":"App - getMainCategory  error\n: 인기순 is not defined","level":"error","timestamp":"2021-08-22 04:51:45"}
{"message":"undefined - API Server Start At Port 3000","level":"info","timestamp":"2021-08-22 04:51:59"}
{"message":"App - getMainCategory  error\n: Invalid status code: { isSuccess: true, code: 1000, message: '성공', result: undefined }","level":"error","timestamp":"2021-08-22 04:52:01"}
{"message":"undefined - API Server Start At Port 3000","level":"info","timestamp":"2021-08-22 04:52:31"}
{"message":"App - getMainCategory  error\n: Invalid status code: { isSuccess: true, code: 1000, message: '성공', result: undefined }","level":"error","timestamp":"2021-08-22 04:52:32"}
{"message":"undefined - API Server Start At Port 3000","level":"info","timestamp":"2021-08-22 04:52:50"}
{"message":"App - getMainCategory  error\n: Invalid status code: { isSuccess: true, code: 1000, message: '성공', result: undefined }","level":"error","timestamp":"2021-08-22 04:52:51"}
{"message":"undefined - API Server Start At Port 3000","level":"info","timestamp":"2021-08-22 04:53:37"}
{"message":"App - getMainCategory  error\n: Invalid status code: { isSuccess: true, code: 1000, message: '성공', result: undefined }","level":"error","timestamp":"2021-08-22 04:53:39"}
{"message":"undefined - API Server Start At Port 3000","level":"info","timestamp":"2021-08-22 04:54:21"}
{"message":"undefined - API Server Start At Port 3000","level":"info","timestamp":"2021-08-22 04:54:44"}
{"message":"undefined - API Server Start At Port 3000","level":"info","timestamp":"2021-08-22 04:55:08"}
{"message":"undefined - API Server Start At Port 3000","level":"info","timestamp":"2021-08-22 04:56:11"}
{"message":"undefined - API Server Start At Port 3000","level":"info","timestamp":"2021-08-22 04:56:28"}
{"message":"undefined - API Server Start At Port 3000","level":"info","timestamp":"2021-08-22 04:56:41"}
{"message":"undefined - API Server Start At Port 3000","level":"info","timestamp":"2021-08-22 04:57:06"}
{"message":"App - getMainCategory  error\n: Cannot read property 'likes' of undefined","level":"error","timestamp":"2021-08-22 04:57:17"}
{"message":"undefined - API Server Start At Port 3000","level":"info","timestamp":"2021-08-22 04:57:27"}
{"message":"undefined - API Server Start At Port 3000","level":"info","timestamp":"2021-08-22 05:00:24"}
{"message":"undefined - API Server Start At Port 3000","level":"info","timestamp":"2021-08-22 05:00:46"}
{"message":"undefined - API Server Start At Port 3000","level":"info","timestamp":"2021-08-22 05:00:59"}
{"message":"undefined - API Server Start At Port 3000","level":"info","timestamp":"2021-08-22 05:29:17"}
{"message":"undefined - API Server Start At Port 3000","level":"info","timestamp":"2021-08-22 15:06:54"}
